<?xml version="1.0" encoding="UTF-8"?>
<!-- Generated by org.testng.reporters.JUnitXMLReporter -->
<testsuite ignored="0" hostname="alonso" failures="0" tests="102" name="Surefire test" time="0.175" errors="0" timestamp="2020-10-08T10:20:01 PET">
  <testcase classname="pc1.RegistrAppTest" name="constructorTest" time="0.019"/>
  <testcase classname="pc1.RegistrAppTest" name="constructorTest" time="0.025"/>
  <testcase classname="pc1.RegistrAppTest" name="constructorTest" time="0.0"/>
  <testcase classname="pc1.RegistrAppTest" name="constructorTest" time="0.0"/>
  <testcase classname="pc1.RegistrAppTest" name="constructorTest" time="0.0"/>
  <testcase classname="pc1.RegistrAppTest" name="constructorTest" time="0.022"/>
  <testcase classname="pc1.RegistrAppTest" name="constructorTest" time="0.022"/>
  <testcase classname="pc1.RegistrAppTest" name="constructorTest" time="0.023"/>
  <testcase classname="pc1.RegistrAppTest" name="constructorTest" time="0.024"/>
  <testcase classname="pc1.RegistrAppTest" name="constructorTest" time="0.024"/>
  <testcase classname="pc1.RegistrAppTest" name="constructorTest" time="0.024"/>
  <testcase classname="pc1.RegistrAppTest" name="constructorTest" time="0.0"/>
  <testcase classname="pc1.RegistrAppTest" name="constructorTest" time="0.0"/>
  <testcase classname="pc1.RegistrAppTest" name="constructorTest" time="0.0"/>
  <testcase classname="pc1.RegistrAppTest" name="constructorTest" time="0.012"/>
  <testcase classname="pc1.RegistrAppTest" name="constructorTest" time="0.002"/>
  <testcase classname="pc1.RegistrAppTest" name="constructorTest" time="0.0"/>
  <testcase classname="pc1.RegistrAppTest" name="constructorTest" time="0.001"/>
  <testcase classname="pc1.RegistrAppTest" name="constructorTest" time="0.0"/>
  <testcase classname="pc1.RegistrAppTest" name="constructorTest" time="0.003"/>
  <testcase classname="pc1.RegistrAppTest" name="constructorTest" time="0.002"/>
  <testcase classname="pc1.RegistrAppTest" name="constructorTest" time="0.0"/>
  <testcase classname="pc1.RegistrAppTest" name="constructorTest" time="0.0"/>
  <testcase classname="pc1.RegistrAppTest" name="constructorTest" time="0.001"/>
  <testcase classname="pc1.RegistrAppTest" name="constructorTest" time="0.039"/>
  <testcase classname="pc1.RegistrAppTest" name="constructorTest" time="0.0"/>
  <testcase classname="pc1.RegistrAppTest" name="constructorTest" time="0.0"/>
  <testcase classname="pc1.RegistrAppTest" name="constructorTest" time="0.0"/>
  <testcase classname="pc1.RegistrAppTest" name="constructorTest" time="0.0"/>
  <testcase classname="pc1.RegistrAppTest" name="constructorTest" time="0.0"/>
  <testcase classname="pc1.RegistrAppTest" name="constructorTest" time="0.0"/>
  <testcase classname="pc1.RegistrAppTest" name="constructorTest" time="0.0"/>
  <testcase classname="pc1.RegistrAppTest" name="constructorTest" time="0.0"/>
  <testcase classname="pc1.RegistrAppTest" name="constructorTest" time="0.0"/>
  <testcase classname="pc1.RegistrAppTest" name="constructorTest" time="0.0"/>
  <testcase classname="pc1.RegistrAppTest" name="constructorTest" time="0.0"/>
  <testcase classname="pc1.RegistrAppTest" name="constructorTest" time="0.0"/>
  <testcase classname="pc1.RegistrAppTest" name="constructorTest" time="0.001"/>
  <testcase classname="pc1.RegistrAppTest" name="constructorTest" time="0.0"/>
  <testcase classname="pc1.RegistrAppTest" name="constructorTest" time="0.0"/>
  <testcase classname="pc1.RegistrAppTest" name="constructorTest" time="0.0"/>
  <testcase classname="pc1.RegistrAppTest" name="constructorTest" time="0.0"/>
  <testcase classname="pc1.RegistrAppTest" name="constructorTest" time="0.0"/>
  <testcase classname="pc1.RegistrAppTest" name="constructorTest" time="0.0"/>
  <testcase classname="pc1.RegistrAppTest" name="constructorTest" time="0.0"/>
  <testcase classname="pc1.RegistrAppTest" name="constructorTest" time="0.0"/>
  <testcase classname="pc1.RegistrAppTest" name="constructorTest" time="0.001"/>
  <testcase classname="pc1.RegistrAppTest" name="constructorTest" time="0.0"/>
  <testcase classname="pc1.RegistrAppTest" name="constructorTest" time="0.0"/>
  <testcase classname="pc1.RegistrAppTest" name="constructorTest" time="0.0"/>
  <testcase classname="pc1.RegistrAppTest" name="constructorTest" time="0.001"/>
  <testcase classname="pc1.RegistrAppTest" name="constructorTest" time="0.001"/>
  <testcase classname="pc1.RegistrAppTest" name="constructorTest" time="0.0"/>
  <testcase classname="pc1.RegistrAppTest" name="constructorTest" time="0.0"/>
  <testcase classname="pc1.RegistrAppTest" name="constructorTest" time="0.0"/>
  <testcase classname="pc1.RegistrAppTest" name="constructorTest" time="0.0"/>
  <testcase classname="pc1.RegistrAppTest" name="constructorTest" time="0.0"/>
  <testcase classname="pc1.RegistrAppTest" name="constructorTest" time="0.0"/>
  <testcase classname="pc1.RegistrAppTest" name="constructorTest" time="0.0"/>
  <testcase classname="pc1.RegistrAppTest" name="constructorTest" time="0.0"/>
  <testcase classname="pc1.RegistrAppTest" name="constructorTest" time="0.0"/>
  <testcase classname="pc1.RegistrAppTest" name="constructorTest" time="0.0"/>
  <testcase classname="pc1.RegistrAppTest" name="constructorTest" time="0.0"/>
  <testcase classname="pc1.RegistrAppTest" name="constructorTest" time="0.001"/>
  <testcase classname="pc1.RegistrAppTest" name="constructorTest" time="0.0"/>
  <testcase classname="pc1.RegistrAppTest" name="constructorTest" time="0.001"/>
  <testcase classname="pc1.RegistrAppTest" name="constructorTest" time="0.0"/>
  <testcase classname="pc1.RegistrAppTest" name="constructorTest" time="0.0"/>
  <testcase classname="pc1.RegistrAppTest" name="constructorTest" time="0.0"/>
  <testcase classname="pc1.RegistrAppTest" name="constructorTest" time="0.001"/>
  <testcase classname="pc1.RegistrAppTest" name="constructorTest" time="0.0"/>
  <testcase classname="pc1.RegistrAppTest" name="constructorTest" time="0.0"/>
  <testcase classname="pc1.RegistrAppTest" name="constructorTest" time="0.001"/>
  <testcase classname="pc1.RegistrAppTest" name="constructorTest" time="0.0"/>
  <testcase classname="pc1.RegistrAppTest" name="constructorTest" time="0.001"/>
  <testcase classname="pc1.RegistrAppTest" name="constructorTest" time="0.0"/>
  <testcase classname="pc1.RegistrAppTest" name="constructorTest" time="0.0"/>
  <testcase classname="pc1.RegistrAppTest" name="constructorTest" time="0.0"/>
  <testcase classname="pc1.RegistrAppTest" name="constructorTest" time="0.0"/>
  <testcase classname="pc1.RegistrAppTest" name="constructorTest" time="0.0"/>
  <testcase classname="pc1.RegistrAppTest" name="constructorTest" time="0.0"/>
  <testcase classname="pc1.RegistrAppTest" name="constructorTest" time="0.001"/>
  <testcase classname="pc1.RegistrAppTest" name="constructorTest" time="0.0"/>
  <testcase classname="pc1.RegistrAppTest" name="constructorTest" time="0.0"/>
  <testcase classname="pc1.RegistrAppTest" name="constructorTest" time="0.001"/>
  <testcase classname="pc1.RegistrAppTest" name="constructorTest" time="0.0"/>
  <testcase classname="pc1.RegistrAppTest" name="constructorTest" time="0.001"/>
  <testcase classname="pc1.RegistrAppTest" name="constructorTest" time="0.001"/>
  <testcase classname="pc1.RegistrAppTest" name="constructorTest" time="0.001"/>
  <testcase classname="pc1.RegistrAppTest" name="constructorTest" time="0.001"/>
  <testcase classname="pc1.RegistrAppTest" name="constructorTest" time="0.0"/>
  <testcase classname="pc1.RegistrAppTest" name="constructorTest" time="0.0"/>
  <testcase classname="pc1.RegistrAppTest" name="constructorTest" time="0.0"/>
  <testcase classname="pc1.RegistrAppTest" name="constructorTest" time="0.0"/>
  <testcase classname="pc1.RegistrAppTest" name="constructorTest" time="0.0"/>
  <testcase classname="pc1.RegistrAppTest" name="constructorTest" time="0.0"/>
  <testcase classname="pc1.RegistrAppTest" name="constructorTest" time="0.0"/>
  <testcase classname="pc1.RegistrAppTest" name="constructorTest" time="0.0"/>
  <testcase classname="pc1.RegistrAppTest" name="constructorTest" time="0.001"/>
  <testcase classname="pc1.RegistrAppTest" name="constructorTest" time="0.0"/>
  <testcase classname="pc1.RegistrAppTest" name="descriptionTest" time="0.002"/>
  <testcase classname="pc1.RegistrAppTest" name="linkTest" time="0.0"/>
</testsuite> <!-- Surefire test -->
