<?xml version="1.0" encoding="UTF-8"?>
<testng-results ignored="0" total="102" passed="102" failed="0" skipped="0">
  <reporter-output>
  </reporter-output>
  <suite started-at="2020-10-08T10:20:01 PET" name="Surefire suite" finished-at="2020-10-08T10:20:01 PET" duration-ms="175">
    <groups>
    </groups>
    <test started-at="2020-10-08T10:20:01 PET" name="Surefire test" finished-at="2020-10-08T10:20:01 PET" duration-ms="175">
      <class name="pc1.RegistrAppTest">
        <test-method signature="constructorTest()[pri:0, instance:pc1.RegistrAppTest@7139bd31]" started-at="2020-10-08T10:20:01 PET" name="constructorTest" finished-at="2020-10-08T10:20:01 PET" duration-ms="19" status="PASS">
          <reporter-output>
          </reporter-output>
        </test-method> <!-- constructorTest -->
        <test-method signature="constructorTest()[pri:0, instance:pc1.RegistrAppTest@7139bd31]" started-at="2020-10-08T10:20:01 PET" name="constructorTest" finished-at="2020-10-08T10:20:01 PET" duration-ms="25" status="PASS">
          <reporter-output>
          </reporter-output>
        </test-method> <!-- constructorTest -->
        <test-method signature="constructorTest()[pri:0, instance:pc1.RegistrAppTest@7139bd31]" started-at="2020-10-08T10:20:01 PET" name="constructorTest" finished-at="2020-10-08T10:20:01 PET" duration-ms="24" status="PASS">
          <reporter-output>
          </reporter-output>
        </test-method> <!-- constructorTest -->
        <test-method signature="constructorTest()[pri:0, instance:pc1.RegistrAppTest@7139bd31]" started-at="2020-10-08T10:20:01 PET" name="constructorTest" finished-at="2020-10-08T10:20:01 PET" duration-ms="23" status="PASS">
          <reporter-output>
          </reporter-output>
        </test-method> <!-- constructorTest -->
        <test-method signature="constructorTest()[pri:0, instance:pc1.RegistrAppTest@7139bd31]" started-at="2020-10-08T10:20:01 PET" name="constructorTest" finished-at="2020-10-08T10:20:01 PET" duration-ms="24" status="PASS">
          <reporter-output>
          </reporter-output>
        </test-method> <!-- constructorTest -->
        <test-method signature="constructorTest()[pri:0, instance:pc1.RegistrAppTest@7139bd31]" started-at="2020-10-08T10:20:01 PET" name="constructorTest" finished-at="2020-10-08T10:20:01 PET" duration-ms="24" status="PASS">
          <reporter-output>
          </reporter-output>
        </test-method> <!-- constructorTest -->
        <test-method signature="constructorTest()[pri:0, instance:pc1.RegistrAppTest@7139bd31]" started-at="2020-10-08T10:20:01 PET" name="constructorTest" finished-at="2020-10-08T10:20:01 PET" duration-ms="39" status="PASS">
          <reporter-output>
          </reporter-output>
        </test-method> <!-- constructorTest -->
        <test-method signature="constructorTest()[pri:0, instance:pc1.RegistrAppTest@7139bd31]" started-at="2020-10-08T10:20:01 PET" name="constructorTest" finished-at="2020-10-08T10:20:01 PET" duration-ms="22" status="PASS">
          <reporter-output>
          </reporter-output>
        </test-method> <!-- constructorTest -->
        <test-method signature="constructorTest()[pri:0, instance:pc1.RegistrAppTest@7139bd31]" started-at="2020-10-08T10:20:01 PET" name="constructorTest" finished-at="2020-10-08T10:20:01 PET" duration-ms="22" status="PASS">
          <reporter-output>
          </reporter-output>
        </test-method> <!-- constructorTest -->
        <test-method signature="constructorTest()[pri:0, instance:pc1.RegistrAppTest@7139bd31]" started-at="2020-10-08T10:20:01 PET" name="constructorTest" finished-at="2020-10-08T10:20:01 PET" duration-ms="12" status="PASS">
          <reporter-output>
          </reporter-output>
        </test-method> <!-- constructorTest -->
        <test-method signature="constructorTest()[pri:0, instance:pc1.RegistrAppTest@7139bd31]" started-at="2020-10-08T10:20:01 PET" name="constructorTest" finished-at="2020-10-08T10:20:01 PET" duration-ms="0" status="PASS">
          <reporter-output>
          </reporter-output>
        </test-method> <!-- constructorTest -->
        <test-method signature="constructorTest()[pri:0, instance:pc1.RegistrAppTest@7139bd31]" started-at="2020-10-08T10:20:01 PET" name="constructorTest" finished-at="2020-10-08T10:20:01 PET" duration-ms="0" status="PASS">
          <reporter-output>
          </reporter-output>
        </test-method> <!-- constructorTest -->
        <test-method signature="constructorTest()[pri:0, instance:pc1.RegistrAppTest@7139bd31]" started-at="2020-10-08T10:20:01 PET" name="constructorTest" finished-at="2020-10-08T10:20:01 PET" duration-ms="0" status="PASS">
          <reporter-output>
          </reporter-output>
        </test-method> <!-- constructorTest -->
        <test-method signature="constructorTest()[pri:0, instance:pc1.RegistrAppTest@7139bd31]" started-at="2020-10-08T10:20:01 PET" name="constructorTest" finished-at="2020-10-08T10:20:01 PET" duration-ms="2" status="PASS">
          <reporter-output>
          </reporter-output>
        </test-method> <!-- constructorTest -->
        <test-method signature="constructorTest()[pri:0, instance:pc1.RegistrAppTest@7139bd31]" started-at="2020-10-08T10:20:01 PET" name="constructorTest" finished-at="2020-10-08T10:20:01 PET" duration-ms="0" status="PASS">
          <reporter-output>
          </reporter-output>
        </test-method> <!-- constructorTest -->
        <test-method signature="constructorTest()[pri:0, instance:pc1.RegistrAppTest@7139bd31]" started-at="2020-10-08T10:20:01 PET" name="constructorTest" finished-at="2020-10-08T10:20:01 PET" duration-ms="0" status="PASS">
          <reporter-output>
          </reporter-output>
        </test-method> <!-- constructorTest -->
        <test-method signature="constructorTest()[pri:0, instance:pc1.RegistrAppTest@7139bd31]" started-at="2020-10-08T10:20:01 PET" name="constructorTest" finished-at="2020-10-08T10:20:01 PET" duration-ms="0" status="PASS">
          <reporter-output>
          </reporter-output>
        </test-method> <!-- constructorTest -->
        <test-method signature="constructorTest()[pri:0, instance:pc1.RegistrAppTest@7139bd31]" started-at="2020-10-08T10:20:01 PET" name="constructorTest" finished-at="2020-10-08T10:20:01 PET" duration-ms="3" status="PASS">
          <reporter-output>
          </reporter-output>
        </test-method> <!-- constructorTest -->
        <test-method signature="constructorTest()[pri:0, instance:pc1.RegistrAppTest@7139bd31]" started-at="2020-10-08T10:20:01 PET" name="constructorTest" finished-at="2020-10-08T10:20:01 PET" duration-ms="2" status="PASS">
          <reporter-output>
          </reporter-output>
        </test-method> <!-- constructorTest -->
        <test-method signature="constructorTest()[pri:0, instance:pc1.RegistrAppTest@7139bd31]" started-at="2020-10-08T10:20:01 PET" name="constructorTest" finished-at="2020-10-08T10:20:01 PET" duration-ms="1" status="PASS">
          <reporter-output>
          </reporter-output>
        </test-method> <!-- constructorTest -->
        <test-method signature="constructorTest()[pri:0, instance:pc1.RegistrAppTest@7139bd31]" started-at="2020-10-08T10:20:01 PET" name="constructorTest" finished-at="2020-10-08T10:20:01 PET" duration-ms="0" status="PASS">
          <reporter-output>
          </reporter-output>
        </test-method> <!-- constructorTest -->
        <test-method signature="constructorTest()[pri:0, instance:pc1.RegistrAppTest@7139bd31]" started-at="2020-10-08T10:20:01 PET" name="constructorTest" finished-at="2020-10-08T10:20:01 PET" duration-ms="0" status="PASS">
          <reporter-output>
          </reporter-output>
        </test-method> <!-- constructorTest -->
        <test-method signature="constructorTest()[pri:0, instance:pc1.RegistrAppTest@7139bd31]" started-at="2020-10-08T10:20:01 PET" name="constructorTest" finished-at="2020-10-08T10:20:01 PET" duration-ms="0" status="PASS">
          <reporter-output>
          </reporter-output>
        </test-method> <!-- constructorTest -->
        <test-method signature="constructorTest()[pri:0, instance:pc1.RegistrAppTest@7139bd31]" started-at="2020-10-08T10:20:01 PET" name="constructorTest" finished-at="2020-10-08T10:20:01 PET" duration-ms="0" status="PASS">
          <reporter-output>
          </reporter-output>
        </test-method> <!-- constructorTest -->
        <test-method signature="constructorTest()[pri:0, instance:pc1.RegistrAppTest@7139bd31]" started-at="2020-10-08T10:20:01 PET" name="constructorTest" finished-at="2020-10-08T10:20:01 PET" duration-ms="1" status="PASS">
          <reporter-output>
          </reporter-output>
        </test-method> <!-- constructorTest -->
        <test-method signature="constructorTest()[pri:0, instance:pc1.RegistrAppTest@7139bd31]" started-at="2020-10-08T10:20:01 PET" name="constructorTest" finished-at="2020-10-08T10:20:01 PET" duration-ms="0" status="PASS">
          <reporter-output>
          </reporter-output>
        </test-method> <!-- constructorTest -->
        <test-method signature="constructorTest()[pri:0, instance:pc1.RegistrAppTest@7139bd31]" started-at="2020-10-08T10:20:01 PET" name="constructorTest" finished-at="2020-10-08T10:20:01 PET" duration-ms="0" status="PASS">
          <reporter-output>
          </reporter-output>
        </test-method> <!-- constructorTest -->
        <test-method signature="constructorTest()[pri:0, instance:pc1.RegistrAppTest@7139bd31]" started-at="2020-10-08T10:20:01 PET" name="constructorTest" finished-at="2020-10-08T10:20:01 PET" duration-ms="0" status="PASS">
          <reporter-output>
          </reporter-output>
        </test-method> <!-- constructorTest -->
        <test-method signature="constructorTest()[pri:0, instance:pc1.RegistrAppTest@7139bd31]" started-at="2020-10-08T10:20:01 PET" name="constructorTest" finished-at="2020-10-08T10:20:01 PET" duration-ms="0" status="PASS">
          <reporter-output>
          </reporter-output>
        </test-method> <!-- constructorTest -->
        <test-method signature="constructorTest()[pri:0, instance:pc1.RegistrAppTest@7139bd31]" started-at="2020-10-08T10:20:01 PET" name="constructorTest" finished-at="2020-10-08T10:20:01 PET" duration-ms="0" status="PASS">
          <reporter-output>
          </reporter-output>
        </test-method> <!-- constructorTest -->
        <test-method signature="constructorTest()[pri:0, instance:pc1.RegistrAppTest@7139bd31]" started-at="2020-10-08T10:20:01 PET" name="constructorTest" finished-at="2020-10-08T10:20:01 PET" duration-ms="0" status="PASS">
          <reporter-output>
          </reporter-output>
        </test-method> <!-- constructorTest -->
        <test-method signature="constructorTest()[pri:0, instance:pc1.RegistrAppTest@7139bd31]" started-at="2020-10-08T10:20:01 PET" name="constructorTest" finished-at="2020-10-08T10:20:01 PET" duration-ms="0" status="PASS">
          <reporter-output>
          </reporter-output>
        </test-method> <!-- constructorTest -->
        <test-method signature="constructorTest()[pri:0, instance:pc1.RegistrAppTest@7139bd31]" started-at="2020-10-08T10:20:01 PET" name="constructorTest" finished-at="2020-10-08T10:20:01 PET" duration-ms="1" status="PASS">
          <reporter-output>
          </reporter-output>
        </test-method> <!-- constructorTest -->
        <test-method signature="constructorTest()[pri:0, instance:pc1.RegistrAppTest@7139bd31]" started-at="2020-10-08T10:20:01 PET" name="constructorTest" finished-at="2020-10-08T10:20:01 PET" duration-ms="0" status="PASS">
          <reporter-output>
          </reporter-output>
        </test-method> <!-- constructorTest -->
        <test-method signature="constructorTest()[pri:0, instance:pc1.RegistrAppTest@7139bd31]" started-at="2020-10-08T10:20:01 PET" name="constructorTest" finished-at="2020-10-08T10:20:01 PET" duration-ms="0" status="PASS">
          <reporter-output>
          </reporter-output>
        </test-method> <!-- constructorTest -->
        <test-method signature="constructorTest()[pri:0, instance:pc1.RegistrAppTest@7139bd31]" started-at="2020-10-08T10:20:01 PET" name="constructorTest" finished-at="2020-10-08T10:20:01 PET" duration-ms="0" status="PASS">
          <reporter-output>
          </reporter-output>
        </test-method> <!-- constructorTest -->
        <test-method signature="constructorTest()[pri:0, instance:pc1.RegistrAppTest@7139bd31]" started-at="2020-10-08T10:20:01 PET" name="constructorTest" finished-at="2020-10-08T10:20:01 PET" duration-ms="0" status="PASS">
          <reporter-output>
          </reporter-output>
        </test-method> <!-- constructorTest -->
        <test-method signature="constructorTest()[pri:0, instance:pc1.RegistrAppTest@7139bd31]" started-at="2020-10-08T10:20:01 PET" name="constructorTest" finished-at="2020-10-08T10:20:01 PET" duration-ms="0" status="PASS">
          <reporter-output>
          </reporter-output>
        </test-method> <!-- constructorTest -->
        <test-method signature="constructorTest()[pri:0, instance:pc1.RegistrAppTest@7139bd31]" started-at="2020-10-08T10:20:01 PET" name="constructorTest" finished-at="2020-10-08T10:20:01 PET" duration-ms="0" status="PASS">
          <reporter-output>
          </reporter-output>
        </test-method> <!-- constructorTest -->
        <test-method signature="constructorTest()[pri:0, instance:pc1.RegistrAppTest@7139bd31]" started-at="2020-10-08T10:20:01 PET" name="constructorTest" finished-at="2020-10-08T10:20:01 PET" duration-ms="0" status="PASS">
          <reporter-output>
          </reporter-output>
        </test-method> <!-- constructorTest -->
        <test-method signature="constructorTest()[pri:0, instance:pc1.RegistrAppTest@7139bd31]" started-at="2020-10-08T10:20:01 PET" name="constructorTest" finished-at="2020-10-08T10:20:01 PET" duration-ms="0" status="PASS">
          <reporter-output>
          </reporter-output>
        </test-method> <!-- constructorTest -->
        <test-method signature="constructorTest()[pri:0, instance:pc1.RegistrAppTest@7139bd31]" started-at="2020-10-08T10:20:01 PET" name="constructorTest" finished-at="2020-10-08T10:20:01 PET" duration-ms="0" status="PASS">
          <reporter-output>
          </reporter-output>
        </test-method> <!-- constructorTest -->
        <test-method signature="constructorTest()[pri:0, instance:pc1.RegistrAppTest@7139bd31]" started-at="2020-10-08T10:20:01 PET" name="constructorTest" finished-at="2020-10-08T10:20:01 PET" duration-ms="0" status="PASS">
          <reporter-output>
          </reporter-output>
        </test-method> <!-- constructorTest -->
        <test-method signature="constructorTest()[pri:0, instance:pc1.RegistrAppTest@7139bd31]" started-at="2020-10-08T10:20:01 PET" name="constructorTest" finished-at="2020-10-08T10:20:01 PET" duration-ms="0" status="PASS">
          <reporter-output>
          </reporter-output>
        </test-method> <!-- constructorTest -->
        <test-method signature="constructorTest()[pri:0, instance:pc1.RegistrAppTest@7139bd31]" started-at="2020-10-08T10:20:01 PET" name="constructorTest" finished-at="2020-10-08T10:20:01 PET" duration-ms="0" status="PASS">
          <reporter-output>
          </reporter-output>
        </test-method> <!-- constructorTest -->
        <test-method signature="constructorTest()[pri:0, instance:pc1.RegistrAppTest@7139bd31]" started-at="2020-10-08T10:20:01 PET" name="constructorTest" finished-at="2020-10-08T10:20:01 PET" duration-ms="0" status="PASS">
          <reporter-output>
          </reporter-output>
        </test-method> <!-- constructorTest -->
        <test-method signature="constructorTest()[pri:0, instance:pc1.RegistrAppTest@7139bd31]" started-at="2020-10-08T10:20:01 PET" name="constructorTest" finished-at="2020-10-08T10:20:01 PET" duration-ms="1" status="PASS">
          <reporter-output>
          </reporter-output>
        </test-method> <!-- constructorTest -->
        <test-method signature="constructorTest()[pri:0, instance:pc1.RegistrAppTest@7139bd31]" started-at="2020-10-08T10:20:01 PET" name="constructorTest" finished-at="2020-10-08T10:20:01 PET" duration-ms="0" status="PASS">
          <reporter-output>
          </reporter-output>
        </test-method> <!-- constructorTest -->
        <test-method signature="constructorTest()[pri:0, instance:pc1.RegistrAppTest@7139bd31]" started-at="2020-10-08T10:20:01 PET" name="constructorTest" finished-at="2020-10-08T10:20:01 PET" duration-ms="0" status="PASS">
          <reporter-output>
          </reporter-output>
        </test-method> <!-- constructorTest -->
        <test-method signature="constructorTest()[pri:0, instance:pc1.RegistrAppTest@7139bd31]" started-at="2020-10-08T10:20:01 PET" name="constructorTest" finished-at="2020-10-08T10:20:01 PET" duration-ms="1" status="PASS">
          <reporter-output>
          </reporter-output>
        </test-method> <!-- constructorTest -->
        <test-method signature="constructorTest()[pri:0, instance:pc1.RegistrAppTest@7139bd31]" started-at="2020-10-08T10:20:01 PET" name="constructorTest" finished-at="2020-10-08T10:20:01 PET" duration-ms="1" status="PASS">
          <reporter-output>
          </reporter-output>
        </test-method> <!-- constructorTest -->
        <test-method signature="constructorTest()[pri:0, instance:pc1.RegistrAppTest@7139bd31]" started-at="2020-10-08T10:20:01 PET" name="constructorTest" finished-at="2020-10-08T10:20:01 PET" duration-ms="0" status="PASS">
          <reporter-output>
          </reporter-output>
        </test-method> <!-- constructorTest -->
        <test-method signature="constructorTest()[pri:0, instance:pc1.RegistrAppTest@7139bd31]" started-at="2020-10-08T10:20:01 PET" name="constructorTest" finished-at="2020-10-08T10:20:01 PET" duration-ms="0" status="PASS">
          <reporter-output>
          </reporter-output>
        </test-method> <!-- constructorTest -->
        <test-method signature="constructorTest()[pri:0, instance:pc1.RegistrAppTest@7139bd31]" started-at="2020-10-08T10:20:01 PET" name="constructorTest" finished-at="2020-10-08T10:20:01 PET" duration-ms="0" status="PASS">
          <reporter-output>
          </reporter-output>
        </test-method> <!-- constructorTest -->
        <test-method signature="constructorTest()[pri:0, instance:pc1.RegistrAppTest@7139bd31]" started-at="2020-10-08T10:20:01 PET" name="constructorTest" finished-at="2020-10-08T10:20:01 PET" duration-ms="0" status="PASS">
          <reporter-output>
          </reporter-output>
        </test-method> <!-- constructorTest -->
        <test-method signature="constructorTest()[pri:0, instance:pc1.RegistrAppTest@7139bd31]" started-at="2020-10-08T10:20:01 PET" name="constructorTest" finished-at="2020-10-08T10:20:01 PET" duration-ms="0" status="PASS">
          <reporter-output>
          </reporter-output>
        </test-method> <!-- constructorTest -->
        <test-method signature="constructorTest()[pri:0, instance:pc1.RegistrAppTest@7139bd31]" started-at="2020-10-08T10:20:01 PET" name="constructorTest" finished-at="2020-10-08T10:20:01 PET" duration-ms="0" status="PASS">
          <reporter-output>
          </reporter-output>
        </test-method> <!-- constructorTest -->
        <test-method signature="constructorTest()[pri:0, instance:pc1.RegistrAppTest@7139bd31]" started-at="2020-10-08T10:20:01 PET" name="constructorTest" finished-at="2020-10-08T10:20:01 PET" duration-ms="0" status="PASS">
          <reporter-output>
          </reporter-output>
        </test-method> <!-- constructorTest -->
        <test-method signature="constructorTest()[pri:0, instance:pc1.RegistrAppTest@7139bd31]" started-at="2020-10-08T10:20:01 PET" name="constructorTest" finished-at="2020-10-08T10:20:01 PET" duration-ms="0" status="PASS">
          <reporter-output>
          </reporter-output>
        </test-method> <!-- constructorTest -->
        <test-method signature="constructorTest()[pri:0, instance:pc1.RegistrAppTest@7139bd31]" started-at="2020-10-08T10:20:01 PET" name="constructorTest" finished-at="2020-10-08T10:20:01 PET" duration-ms="0" status="PASS">
          <reporter-output>
          </reporter-output>
        </test-method> <!-- constructorTest -->
        <test-method signature="constructorTest()[pri:0, instance:pc1.RegistrAppTest@7139bd31]" started-at="2020-10-08T10:20:01 PET" name="constructorTest" finished-at="2020-10-08T10:20:01 PET" duration-ms="0" status="PASS">
          <reporter-output>
          </reporter-output>
        </test-method> <!-- constructorTest -->
        <test-method signature="constructorTest()[pri:0, instance:pc1.RegistrAppTest@7139bd31]" started-at="2020-10-08T10:20:01 PET" name="constructorTest" finished-at="2020-10-08T10:20:01 PET" duration-ms="0" status="PASS">
          <reporter-output>
          </reporter-output>
        </test-method> <!-- constructorTest -->
        <test-method signature="constructorTest()[pri:0, instance:pc1.RegistrAppTest@7139bd31]" started-at="2020-10-08T10:20:01 PET" name="constructorTest" finished-at="2020-10-08T10:20:01 PET" duration-ms="0" status="PASS">
          <reporter-output>
          </reporter-output>
        </test-method> <!-- constructorTest -->
        <test-method signature="constructorTest()[pri:0, instance:pc1.RegistrAppTest@7139bd31]" started-at="2020-10-08T10:20:01 PET" name="constructorTest" finished-at="2020-10-08T10:20:01 PET" duration-ms="1" status="PASS">
          <reporter-output>
          </reporter-output>
        </test-method> <!-- constructorTest -->
        <test-method signature="constructorTest()[pri:0, instance:pc1.RegistrAppTest@7139bd31]" started-at="2020-10-08T10:20:01 PET" name="constructorTest" finished-at="2020-10-08T10:20:01 PET" duration-ms="1" status="PASS">
          <reporter-output>
          </reporter-output>
        </test-method> <!-- constructorTest -->
        <test-method signature="constructorTest()[pri:0, instance:pc1.RegistrAppTest@7139bd31]" started-at="2020-10-08T10:20:01 PET" name="constructorTest" finished-at="2020-10-08T10:20:01 PET" duration-ms="0" status="PASS">
          <reporter-output>
          </reporter-output>
        </test-method> <!-- constructorTest -->
        <test-method signature="constructorTest()[pri:0, instance:pc1.RegistrAppTest@7139bd31]" started-at="2020-10-08T10:20:01 PET" name="constructorTest" finished-at="2020-10-08T10:20:01 PET" duration-ms="0" status="PASS">
          <reporter-output>
          </reporter-output>
        </test-method> <!-- constructorTest -->
        <test-method signature="constructorTest()[pri:0, instance:pc1.RegistrAppTest@7139bd31]" started-at="2020-10-08T10:20:01 PET" name="constructorTest" finished-at="2020-10-08T10:20:01 PET" duration-ms="0" status="PASS">
          <reporter-output>
          </reporter-output>
        </test-method> <!-- constructorTest -->
        <test-method signature="constructorTest()[pri:0, instance:pc1.RegistrAppTest@7139bd31]" started-at="2020-10-08T10:20:01 PET" name="constructorTest" finished-at="2020-10-08T10:20:01 PET" duration-ms="0" status="PASS">
          <reporter-output>
          </reporter-output>
        </test-method> <!-- constructorTest -->
        <test-method signature="constructorTest()[pri:0, instance:pc1.RegistrAppTest@7139bd31]" started-at="2020-10-08T10:20:01 PET" name="constructorTest" finished-at="2020-10-08T10:20:01 PET" duration-ms="1" status="PASS">
          <reporter-output>
          </reporter-output>
        </test-method> <!-- constructorTest -->
        <test-method signature="constructorTest()[pri:0, instance:pc1.RegistrAppTest@7139bd31]" started-at="2020-10-08T10:20:01 PET" name="constructorTest" finished-at="2020-10-08T10:20:01 PET" duration-ms="0" status="PASS">
          <reporter-output>
          </reporter-output>
        </test-method> <!-- constructorTest -->
        <test-method signature="constructorTest()[pri:0, instance:pc1.RegistrAppTest@7139bd31]" started-at="2020-10-08T10:20:01 PET" name="constructorTest" finished-at="2020-10-08T10:20:01 PET" duration-ms="1" status="PASS">
          <reporter-output>
          </reporter-output>
        </test-method> <!-- constructorTest -->
        <test-method signature="constructorTest()[pri:0, instance:pc1.RegistrAppTest@7139bd31]" started-at="2020-10-08T10:20:01 PET" name="constructorTest" finished-at="2020-10-08T10:20:01 PET" duration-ms="0" status="PASS">
          <reporter-output>
          </reporter-output>
        </test-method> <!-- constructorTest -->
        <test-method signature="constructorTest()[pri:0, instance:pc1.RegistrAppTest@7139bd31]" started-at="2020-10-08T10:20:01 PET" name="constructorTest" finished-at="2020-10-08T10:20:01 PET" duration-ms="1" status="PASS">
          <reporter-output>
          </reporter-output>
        </test-method> <!-- constructorTest -->
        <test-method signature="constructorTest()[pri:0, instance:pc1.RegistrAppTest@7139bd31]" started-at="2020-10-08T10:20:01 PET" name="constructorTest" finished-at="2020-10-08T10:20:01 PET" duration-ms="0" status="PASS">
          <reporter-output>
          </reporter-output>
        </test-method> <!-- constructorTest -->
        <test-method signature="constructorTest()[pri:0, instance:pc1.RegistrAppTest@7139bd31]" started-at="2020-10-08T10:20:01 PET" name="constructorTest" finished-at="2020-10-08T10:20:01 PET" duration-ms="0" status="PASS">
          <reporter-output>
          </reporter-output>
        </test-method> <!-- constructorTest -->
        <test-method signature="constructorTest()[pri:0, instance:pc1.RegistrAppTest@7139bd31]" started-at="2020-10-08T10:20:01 PET" name="constructorTest" finished-at="2020-10-08T10:20:01 PET" duration-ms="0" status="PASS">
          <reporter-output>
          </reporter-output>
        </test-method> <!-- constructorTest -->
        <test-method signature="constructorTest()[pri:0, instance:pc1.RegistrAppTest@7139bd31]" started-at="2020-10-08T10:20:01 PET" name="constructorTest" finished-at="2020-10-08T10:20:01 PET" duration-ms="0" status="PASS">
          <reporter-output>
          </reporter-output>
        </test-method> <!-- constructorTest -->
        <test-method signature="constructorTest()[pri:0, instance:pc1.RegistrAppTest@7139bd31]" started-at="2020-10-08T10:20:01 PET" name="constructorTest" finished-at="2020-10-08T10:20:01 PET" duration-ms="0" status="PASS">
          <reporter-output>
          </reporter-output>
        </test-method> <!-- constructorTest -->
        <test-method signature="constructorTest()[pri:0, instance:pc1.RegistrAppTest@7139bd31]" started-at="2020-10-08T10:20:01 PET" name="constructorTest" finished-at="2020-10-08T10:20:01 PET" duration-ms="0" status="PASS">
          <reporter-output>
          </reporter-output>
        </test-method> <!-- constructorTest -->
        <test-method signature="constructorTest()[pri:0, instance:pc1.RegistrAppTest@7139bd31]" started-at="2020-10-08T10:20:01 PET" name="constructorTest" finished-at="2020-10-08T10:20:01 PET" duration-ms="0" status="PASS">
          <reporter-output>
          </reporter-output>
        </test-method> <!-- constructorTest -->
        <test-method signature="constructorTest()[pri:0, instance:pc1.RegistrAppTest@7139bd31]" started-at="2020-10-08T10:20:01 PET" name="constructorTest" finished-at="2020-10-08T10:20:01 PET" duration-ms="1" status="PASS">
          <reporter-output>
          </reporter-output>
        </test-method> <!-- constructorTest -->
        <test-method signature="constructorTest()[pri:0, instance:pc1.RegistrAppTest@7139bd31]" started-at="2020-10-08T10:20:01 PET" name="constructorTest" finished-at="2020-10-08T10:20:01 PET" duration-ms="0" status="PASS">
          <reporter-output>
          </reporter-output>
        </test-method> <!-- constructorTest -->
        <test-method signature="constructorTest()[pri:0, instance:pc1.RegistrAppTest@7139bd31]" started-at="2020-10-08T10:20:01 PET" name="constructorTest" finished-at="2020-10-08T10:20:01 PET" duration-ms="0" status="PASS">
          <reporter-output>
          </reporter-output>
        </test-method> <!-- constructorTest -->
        <test-method signature="constructorTest()[pri:0, instance:pc1.RegistrAppTest@7139bd31]" started-at="2020-10-08T10:20:01 PET" name="constructorTest" finished-at="2020-10-08T10:20:01 PET" duration-ms="1" status="PASS">
          <reporter-output>
          </reporter-output>
        </test-method> <!-- constructorTest -->
        <test-method signature="constructorTest()[pri:0, instance:pc1.RegistrAppTest@7139bd31]" started-at="2020-10-08T10:20:01 PET" name="constructorTest" finished-at="2020-10-08T10:20:01 PET" duration-ms="0" status="PASS">
          <reporter-output>
          </reporter-output>
        </test-method> <!-- constructorTest -->
        <test-method signature="constructorTest()[pri:0, instance:pc1.RegistrAppTest@7139bd31]" started-at="2020-10-08T10:20:01 PET" name="constructorTest" finished-at="2020-10-08T10:20:01 PET" duration-ms="1" status="PASS">
          <reporter-output>
          </reporter-output>
        </test-method> <!-- constructorTest -->
        <test-method signature="constructorTest()[pri:0, instance:pc1.RegistrAppTest@7139bd31]" started-at="2020-10-08T10:20:01 PET" name="constructorTest" finished-at="2020-10-08T10:20:01 PET" duration-ms="1" status="PASS">
          <reporter-output>
          </reporter-output>
        </test-method> <!-- constructorTest -->
        <test-method signature="constructorTest()[pri:0, instance:pc1.RegistrAppTest@7139bd31]" started-at="2020-10-08T10:20:01 PET" name="constructorTest" finished-at="2020-10-08T10:20:01 PET" duration-ms="1" status="PASS">
          <reporter-output>
          </reporter-output>
        </test-method> <!-- constructorTest -->
        <test-method signature="constructorTest()[pri:0, instance:pc1.RegistrAppTest@7139bd31]" started-at="2020-10-08T10:20:01 PET" name="constructorTest" finished-at="2020-10-08T10:20:01 PET" duration-ms="1" status="PASS">
          <reporter-output>
          </reporter-output>
        </test-method> <!-- constructorTest -->
        <test-method signature="constructorTest()[pri:0, instance:pc1.RegistrAppTest@7139bd31]" started-at="2020-10-08T10:20:01 PET" name="constructorTest" finished-at="2020-10-08T10:20:01 PET" duration-ms="0" status="PASS">
          <reporter-output>
          </reporter-output>
        </test-method> <!-- constructorTest -->
        <test-method signature="constructorTest()[pri:0, instance:pc1.RegistrAppTest@7139bd31]" started-at="2020-10-08T10:20:01 PET" name="constructorTest" finished-at="2020-10-08T10:20:01 PET" duration-ms="0" status="PASS">
          <reporter-output>
          </reporter-output>
        </test-method> <!-- constructorTest -->
        <test-method signature="constructorTest()[pri:0, instance:pc1.RegistrAppTest@7139bd31]" started-at="2020-10-08T10:20:01 PET" name="constructorTest" finished-at="2020-10-08T10:20:01 PET" duration-ms="0" status="PASS">
          <reporter-output>
          </reporter-output>
        </test-method> <!-- constructorTest -->
        <test-method signature="constructorTest()[pri:0, instance:pc1.RegistrAppTest@7139bd31]" started-at="2020-10-08T10:20:01 PET" name="constructorTest" finished-at="2020-10-08T10:20:01 PET" duration-ms="0" status="PASS">
          <reporter-output>
          </reporter-output>
        </test-method> <!-- constructorTest -->
        <test-method signature="constructorTest()[pri:0, instance:pc1.RegistrAppTest@7139bd31]" started-at="2020-10-08T10:20:01 PET" name="constructorTest" finished-at="2020-10-08T10:20:01 PET" duration-ms="0" status="PASS">
          <reporter-output>
          </reporter-output>
        </test-method> <!-- constructorTest -->
        <test-method signature="constructorTest()[pri:0, instance:pc1.RegistrAppTest@7139bd31]" started-at="2020-10-08T10:20:01 PET" name="constructorTest" finished-at="2020-10-08T10:20:01 PET" duration-ms="0" status="PASS">
          <reporter-output>
          </reporter-output>
        </test-method> <!-- constructorTest -->
        <test-method signature="constructorTest()[pri:0, instance:pc1.RegistrAppTest@7139bd31]" started-at="2020-10-08T10:20:01 PET" name="constructorTest" finished-at="2020-10-08T10:20:01 PET" duration-ms="0" status="PASS">
          <reporter-output>
          </reporter-output>
        </test-method> <!-- constructorTest -->
        <test-method signature="constructorTest()[pri:0, instance:pc1.RegistrAppTest@7139bd31]" started-at="2020-10-08T10:20:01 PET" name="constructorTest" finished-at="2020-10-08T10:20:01 PET" duration-ms="1" status="PASS">
          <reporter-output>
          </reporter-output>
        </test-method> <!-- constructorTest -->
        <test-method signature="constructorTest()[pri:0, instance:pc1.RegistrAppTest@7139bd31]" started-at="2020-10-08T10:20:01 PET" name="constructorTest" finished-at="2020-10-08T10:20:01 PET" duration-ms="0" status="PASS">
          <reporter-output>
          </reporter-output>
        </test-method> <!-- constructorTest -->
        <test-method signature="constructorTest()[pri:0, instance:pc1.RegistrAppTest@7139bd31]" started-at="2020-10-08T10:20:01 PET" name="constructorTest" finished-at="2020-10-08T10:20:01 PET" duration-ms="0" status="PASS">
          <reporter-output>
          </reporter-output>
        </test-method> <!-- constructorTest -->
        <test-method signature="descriptionTest()[pri:0, instance:pc1.RegistrAppTest@7139bd31]" started-at="2020-10-08T10:20:01 PET" name="descriptionTest" finished-at="2020-10-08T10:20:01 PET" duration-ms="2" status="PASS">
          <reporter-output>
          </reporter-output>
        </test-method> <!-- descriptionTest -->
        <test-method signature="linkTest()[pri:0, instance:pc1.RegistrAppTest@7139bd31]" started-at="2020-10-08T10:20:01 PET" name="linkTest" finished-at="2020-10-08T10:20:01 PET" duration-ms="0" status="PASS">
          <reporter-output>
          </reporter-output>
        </test-method> <!-- linkTest -->
      </class> <!-- pc1.RegistrAppTest -->
    </test> <!-- Surefire test -->
  </suite> <!-- Surefire suite -->
</testng-results>
